2024-01-08T14:08:05.698+01:00  INFO 27861 --- [main] t.k.a.AirNexControlSystemApplication     : Starting AirNexControlSystemApplication using Java 17 with PID 27861 (/Users/maciejnet/studia/3semestr/programowanie-obiektowe-2/AirNexControlSystem/target/classes started by maciejnet in /Users/maciejnet/studia/3semestr/programowanie-obiektowe-2/AirNexControlSystem)
2024-01-08T14:08:05.719+01:00 DEBUG 27861 --- [main] t.k.a.AirNexControlSystemApplication     : Running with Spring Boot v3.2.1, Spring v6.1.2
2024-01-08T14:08:05.721+01:00  INFO 27861 --- [main] t.k.a.AirNexControlSystemApplication     : No active profile set, falling back to 1 default profile: "default"
2024-01-08T14:08:06.552+01:00  INFO 27861 --- [main] .s.d.r.c.RepositoryConfigurationDelegate : Multiple Spring Data modules found, entering strict repository configuration mode
2024-01-08T14:08:06.553+01:00  INFO 27861 --- [main] .s.d.r.c.RepositoryConfigurationDelegate : Bootstrapping Spring Data JDBC repositories in DEFAULT mode.
2024-01-08T14:08:06.595+01:00  INFO 27861 --- [main] .RepositoryConfigurationExtensionSupport : Spring Data JDBC - Could not safely identify store assignment for repository candidate interface tu.kielce.airnexcontrolsystem.repositories.AirlineRepository; If you want this repository to be a JDBC repository, consider annotating your entities with one of these annotations: org.springframework.data.relational.core.mapping.Table.
2024-01-08T14:08:06.596+01:00  INFO 27861 --- [main] .RepositoryConfigurationExtensionSupport : Spring Data JDBC - Could not safely identify store assignment for repository candidate interface tu.kielce.airnexcontrolsystem.repositories.PlainRepository; If you want this repository to be a JDBC repository, consider annotating your entities with one of these annotations: org.springframework.data.relational.core.mapping.Table.
2024-01-08T14:08:06.596+01:00  INFO 27861 --- [main] .s.d.r.c.RepositoryConfigurationDelegate : Finished Spring Data repository scanning in 40 ms. Found 0 JDBC repository interfaces.
2024-01-08T14:08:06.610+01:00  INFO 27861 --- [main] .s.d.r.c.RepositoryConfigurationDelegate : Multiple Spring Data modules found, entering strict repository configuration mode
2024-01-08T14:08:06.611+01:00  INFO 27861 --- [main] .s.d.r.c.RepositoryConfigurationDelegate : Bootstrapping Spring Data JPA repositories in DEFAULT mode.
2024-01-08T14:08:06.649+01:00  INFO 27861 --- [main] .s.d.r.c.RepositoryConfigurationDelegate : Finished Spring Data repository scanning in 35 ms. Found 2 JPA repository interfaces.
2024-01-08T14:08:07.153+01:00  INFO 27861 --- [main] o.s.b.w.embedded.tomcat.TomcatWebServer  : Tomcat initialized with port 8080 (http)
2024-01-08T14:08:07.163+01:00  INFO 27861 --- [main] o.apache.catalina.core.StandardService   : Starting service [Tomcat]
2024-01-08T14:08:07.164+01:00  INFO 27861 --- [main] o.apache.catalina.core.StandardEngine    : Starting Servlet engine: [Apache Tomcat/10.1.17]
2024-01-08T14:08:07.207+01:00  INFO 27861 --- [main] o.a.c.c.C.[Tomcat].[localhost].[/]       : Initializing Spring embedded WebApplicationContext
2024-01-08T14:08:07.207+01:00  INFO 27861 --- [main] w.s.c.ServletWebServerApplicationContext : Root WebApplicationContext: initialization completed in 1439 ms
2024-01-08T14:08:07.347+01:00  INFO 27861 --- [main] o.hibernate.jpa.internal.util.LogHelper  : HHH000204: Processing PersistenceUnitInfo [name: default]
2024-01-08T14:08:07.384+01:00  INFO 27861 --- [main] org.hibernate.Version                    : HHH000412: Hibernate ORM core version 6.4.1.Final
2024-01-08T14:08:07.407+01:00  INFO 27861 --- [main] o.h.c.internal.RegionFactoryInitiator    : HHH000026: Second-level cache disabled
2024-01-08T14:08:07.540+01:00  INFO 27861 --- [main] o.s.o.j.p.SpringPersistenceUnitInfo      : No LoadTimeWeaver setup: ignoring JPA class transformer
2024-01-08T14:08:07.556+01:00  INFO 27861 --- [main] com.zaxxer.hikari.HikariDataSource       : HikariPool-1 - Starting...
2024-01-08T14:08:07.688+01:00  INFO 27861 --- [main] com.zaxxer.hikari.pool.HikariPool        : HikariPool-1 - Added connection org.postgresql.jdbc.PgConnection@60b616c8
2024-01-08T14:08:07.693+01:00  INFO 27861 --- [main] com.zaxxer.hikari.HikariDataSource       : HikariPool-1 - Start completed.
2024-01-08T14:08:07.729+01:00  WARN 27861 --- [main] org.hibernate.orm.deprecation            : HHH90000025: PostgreSQLDialect does not need to be specified explicitly using 'hibernate.dialect' (remove the property setting and it will be selected by default)
2024-01-08T14:08:08.511+01:00  INFO 27861 --- [main] o.h.e.t.j.p.i.JtaPlatformInitiator       : HHH000489: No JTA platform available (set 'hibernate.transaction.jta.platform' to enable JTA platform integration)
2024-01-08T14:08:08.597+01:00  WARN 27861 --- [main] o.h.engine.jdbc.spi.SqlExceptionHelper   : SQL Warning Code: 0, SQLState: 00000
2024-01-08T14:08:08.597+01:00  WARN 27861 --- [main] o.h.engine.jdbc.spi.SqlExceptionHelper   : constraint "uk_akufoupt618c8vlcfaa0gvfqq" of relation "airlines" does not exist, skipping
2024-01-08T14:08:08.601+01:00  WARN 27861 --- [main] o.h.engine.jdbc.spi.SqlExceptionHelper   : SQL Warning Code: 0, SQLState: 00000
2024-01-08T14:08:08.602+01:00  WARN 27861 --- [main] o.h.engine.jdbc.spi.SqlExceptionHelper   : constraint "uk_7oadfgvj32advva98k1gjxf74" of relation "airports" does not exist, skipping
2024-01-08T14:08:08.607+01:00  WARN 27861 --- [main] o.h.engine.jdbc.spi.SqlExceptionHelper   : SQL Warning Code: 0, SQLState: 00000
2024-01-08T14:08:08.607+01:00  WARN 27861 --- [main] o.h.engine.jdbc.spi.SqlExceptionHelper   : constraint "uk_6bx3i9v6ikjiy0ru5ybor8t7" of relation "flights" does not exist, skipping
2024-01-08T14:08:08.616+01:00  WARN 27861 --- [main] o.h.engine.jdbc.spi.SqlExceptionHelper   : SQL Warning Code: 0, SQLState: 00000
2024-01-08T14:08:08.617+01:00  WARN 27861 --- [main] o.h.engine.jdbc.spi.SqlExceptionHelper   : constraint "uk_he2lxmd479lr1c8ox64s625gu" of relation "passengers" does not exist, skipping
2024-01-08T14:08:08.633+01:00  INFO 27861 --- [main] j.LocalContainerEntityManagerFactoryBean : Initialized JPA EntityManagerFactory for persistence unit 'default'
2024-01-08T14:08:08.890+01:00  WARN 27861 --- [main] ConfigServletWebServerApplicationContext : Exception encountered during context initialization - cancelling refresh attempt: org.springframework.beans.factory.UnsatisfiedDependencyException: Error creating bean with name 'plainController' defined in file [/Users/maciejnet/studia/3semestr/programowanie-obiektowe-2/AirNexControlSystem/target/classes/tu/kielce/airnexcontrolsystem/controllers/PlainController.class]: Unsatisfied dependency expressed through constructor parameter 0: Error creating bean with name 'plainServiceImpl' defined in file [/Users/maciejnet/studia/3semestr/programowanie-obiektowe-2/AirNexControlSystem/target/classes/tu/kielce/airnexcontrolsystem/services/implementations/PlainServiceImpl.class]: Unsatisfied dependency expressed through constructor parameter 1: Error creating bean with name 'airlineRepository' defined in tu.kielce.airnexcontrolsystem.repositories.AirlineRepository defined in @EnableJpaRepositories declared on JpaRepositoriesRegistrar.EnableJpaRepositoriesConfiguration: Could not create query for public abstract java.util.Optional tu.kielce.airnexcontrolsystem.repositories.AirlineRepository.findByName_Value(java.lang.String); Reason: Failed to create query for method public abstract java.util.Optional tu.kielce.airnexcontrolsystem.repositories.AirlineRepository.findByName_Value(java.lang.String); Attribute 'tu.kielce.airnexcontrolsystem.entities.Airline#name(BASIC)' is not joinable
2024-01-08T14:08:08.891+01:00  INFO 27861 --- [main] j.LocalContainerEntityManagerFactoryBean : Closing JPA EntityManagerFactory for persistence unit 'default'
2024-01-08T14:08:08.893+01:00  INFO 27861 --- [main] com.zaxxer.hikari.HikariDataSource       : HikariPool-1 - Shutdown initiated...
2024-01-08T14:08:08.896+01:00  INFO 27861 --- [main] com.zaxxer.hikari.HikariDataSource       : HikariPool-1 - Shutdown completed.
2024-01-08T14:08:08.898+01:00  INFO 27861 --- [main] o.apache.catalina.core.StandardService   : Stopping service [Tomcat]
2024-01-08T14:08:08.923+01:00  INFO 27861 --- [main] .s.b.a.l.ConditionEvaluationReportLogger : 

Error starting ApplicationContext. To display the condition evaluation report re-run your application with 'debug' enabled.
2024-01-08T14:08:08.936+01:00 ERROR 27861 --- [main] o.s.boot.SpringApplication               : Application run failed

org.springframework.beans.factory.UnsatisfiedDependencyException: Error creating bean with name 'plainController' defined in file [/Users/maciejnet/studia/3semestr/programowanie-obiektowe-2/AirNexControlSystem/target/classes/tu/kielce/airnexcontrolsystem/controllers/PlainController.class]: Unsatisfied dependency expressed through constructor parameter 0: Error creating bean with name 'plainServiceImpl' defined in file [/Users/maciejnet/studia/3semestr/programowanie-obiektowe-2/AirNexControlSystem/target/classes/tu/kielce/airnexcontrolsystem/services/implementations/PlainServiceImpl.class]: Unsatisfied dependency expressed through constructor parameter 1: Error creating bean with name 'airlineRepository' defined in tu.kielce.airnexcontrolsystem.repositories.AirlineRepository defined in @EnableJpaRepositories declared on JpaRepositoriesRegistrar.EnableJpaRepositoriesConfiguration: Could not create query for public abstract java.util.Optional tu.kielce.airnexcontrolsystem.repositories.AirlineRepository.findByName_Value(java.lang.String); Reason: Failed to create query for method public abstract java.util.Optional tu.kielce.airnexcontrolsystem.repositories.AirlineRepository.findByName_Value(java.lang.String); Attribute 'tu.kielce.airnexcontrolsystem.entities.Airline#name(BASIC)' is not joinable
	at org.springframework.beans.factory.support.ConstructorResolver.createArgumentArray(ConstructorResolver.java:802) ~[spring-beans-6.1.2.jar:6.1.2]
	at org.springframework.beans.factory.support.ConstructorResolver.autowireConstructor(ConstructorResolver.java:241) ~[spring-beans-6.1.2.jar:6.1.2]
	at org.springframework.beans.factory.support.AbstractAutowireCapableBeanFactory.autowireConstructor(AbstractAutowireCapableBeanFactory.java:1354) ~[spring-beans-6.1.2.jar:6.1.2]
	at org.springframework.beans.factory.support.AbstractAutowireCapableBeanFactory.createBeanInstance(AbstractAutowireCapableBeanFactory.java:1191) ~[spring-beans-6.1.2.jar:6.1.2]
	at org.springframework.beans.factory.support.AbstractAutowireCapableBeanFactory.doCreateBean(AbstractAutowireCapableBeanFactory.java:561) ~[spring-beans-6.1.2.jar:6.1.2]
	at org.springframework.beans.factory.support.AbstractAutowireCapableBeanFactory.createBean(AbstractAutowireCapableBeanFactory.java:521) ~[spring-beans-6.1.2.jar:6.1.2]
	at org.springframework.beans.factory.support.AbstractBeanFactory.lambda$doGetBean$0(AbstractBeanFactory.java:325) ~[spring-beans-6.1.2.jar:6.1.2]
	at org.springframework.beans.factory.support.DefaultSingletonBeanRegistry.getSingleton(DefaultSingletonBeanRegistry.java:234) ~[spring-beans-6.1.2.jar:6.1.2]
	at org.springframework.beans.factory.support.AbstractBeanFactory.doGetBean(AbstractBeanFactory.java:323) ~[spring-beans-6.1.2.jar:6.1.2]
	at org.springframework.beans.factory.support.AbstractBeanFactory.getBean(AbstractBeanFactory.java:199) ~[spring-beans-6.1.2.jar:6.1.2]
	at org.springframework.beans.factory.support.DefaultListableBeanFactory.preInstantiateSingletons(DefaultListableBeanFactory.java:975) ~[spring-beans-6.1.2.jar:6.1.2]
	at org.springframework.context.support.AbstractApplicationContext.finishBeanFactoryInitialization(AbstractApplicationContext.java:960) ~[spring-context-6.1.2.jar:6.1.2]
	at org.springframework.context.support.AbstractApplicationContext.refresh(AbstractApplicationContext.java:625) ~[spring-context-6.1.2.jar:6.1.2]
	at org.springframework.boot.web.servlet.context.ServletWebServerApplicationContext.refresh(ServletWebServerApplicationContext.java:146) ~[spring-boot-3.2.1.jar:3.2.1]
	at org.springframework.boot.SpringApplication.refresh(SpringApplication.java:762) ~[spring-boot-3.2.1.jar:3.2.1]
	at org.springframework.boot.SpringApplication.refreshContext(SpringApplication.java:464) ~[spring-boot-3.2.1.jar:3.2.1]
	at org.springframework.boot.SpringApplication.run(SpringApplication.java:334) ~[spring-boot-3.2.1.jar:3.2.1]
	at org.springframework.boot.SpringApplication.run(SpringApplication.java:1358) ~[spring-boot-3.2.1.jar:3.2.1]
	at org.springframework.boot.SpringApplication.run(SpringApplication.java:1347) ~[spring-boot-3.2.1.jar:3.2.1]
	at tu.kielce.airnexcontrolsystem.AirNexControlSystemApplication.main(AirNexControlSystemApplication.java:10) ~[classes/:na]
Caused by: org.springframework.beans.factory.UnsatisfiedDependencyException: Error creating bean with name 'plainServiceImpl' defined in file [/Users/maciejnet/studia/3semestr/programowanie-obiektowe-2/AirNexControlSystem/target/classes/tu/kielce/airnexcontrolsystem/services/implementations/PlainServiceImpl.class]: Unsatisfied dependency expressed through constructor parameter 1: Error creating bean with name 'airlineRepository' defined in tu.kielce.airnexcontrolsystem.repositories.AirlineRepository defined in @EnableJpaRepositories declared on JpaRepositoriesRegistrar.EnableJpaRepositoriesConfiguration: Could not create query for public abstract java.util.Optional tu.kielce.airnexcontrolsystem.repositories.AirlineRepository.findByName_Value(java.lang.String); Reason: Failed to create query for method public abstract java.util.Optional tu.kielce.airnexcontrolsystem.repositories.AirlineRepository.findByName_Value(java.lang.String); Attribute 'tu.kielce.airnexcontrolsystem.entities.Airline#name(BASIC)' is not joinable
	at org.springframework.beans.factory.support.ConstructorResolver.createArgumentArray(ConstructorResolver.java:802) ~[spring-beans-6.1.2.jar:6.1.2]
	at org.springframework.beans.factory.support.ConstructorResolver.autowireConstructor(ConstructorResolver.java:241) ~[spring-beans-6.1.2.jar:6.1.2]
	at org.springframework.beans.factory.support.AbstractAutowireCapableBeanFactory.autowireConstructor(AbstractAutowireCapableBeanFactory.java:1354) ~[spring-beans-6.1.2.jar:6.1.2]
	at org.springframework.beans.factory.support.AbstractAutowireCapableBeanFactory.createBeanInstance(AbstractAutowireCapableBeanFactory.java:1191) ~[spring-beans-6.1.2.jar:6.1.2]
	at org.springframework.beans.factory.support.AbstractAutowireCapableBeanFactory.doCreateBean(AbstractAutowireCapableBeanFactory.java:561) ~[spring-beans-6.1.2.jar:6.1.2]
	at org.springframework.beans.factory.support.AbstractAutowireCapableBeanFactory.createBean(AbstractAutowireCapableBeanFactory.java:521) ~[spring-beans-6.1.2.jar:6.1.2]
	at org.springframework.beans.factory.support.AbstractBeanFactory.lambda$doGetBean$0(AbstractBeanFactory.java:325) ~[spring-beans-6.1.2.jar:6.1.2]
	at org.springframework.beans.factory.support.DefaultSingletonBeanRegistry.getSingleton(DefaultSingletonBeanRegistry.java:234) ~[spring-beans-6.1.2.jar:6.1.2]
	at org.springframework.beans.factory.support.AbstractBeanFactory.doGetBean(AbstractBeanFactory.java:323) ~[spring-beans-6.1.2.jar:6.1.2]
	at org.springframework.beans.factory.support.AbstractBeanFactory.getBean(AbstractBeanFactory.java:199) ~[spring-beans-6.1.2.jar:6.1.2]
	at org.springframework.beans.factory.config.DependencyDescriptor.resolveCandidate(DependencyDescriptor.java:254) ~[spring-beans-6.1.2.jar:6.1.2]
	at org.springframework.beans.factory.support.DefaultListableBeanFactory.doResolveDependency(DefaultListableBeanFactory.java:1443) ~[spring-beans-6.1.2.jar:6.1.2]
	at org.springframework.beans.factory.support.DefaultListableBeanFactory.resolveDependency(DefaultListableBeanFactory.java:1353) ~[spring-beans-6.1.2.jar:6.1.2]
	at org.springframework.beans.factory.support.ConstructorResolver.resolveAutowiredArgument(ConstructorResolver.java:911) ~[spring-beans-6.1.2.jar:6.1.2]
	at org.springframework.beans.factory.support.ConstructorResolver.createArgumentArray(ConstructorResolver.java:789) ~[spring-beans-6.1.2.jar:6.1.2]
	... 19 common frames omitted
Caused by: org.springframework.beans.factory.BeanCreationException: Error creating bean with name 'airlineRepository' defined in tu.kielce.airnexcontrolsystem.repositories.AirlineRepository defined in @EnableJpaRepositories declared on JpaRepositoriesRegistrar.EnableJpaRepositoriesConfiguration: Could not create query for public abstract java.util.Optional tu.kielce.airnexcontrolsystem.repositories.AirlineRepository.findByName_Value(java.lang.String); Reason: Failed to create query for method public abstract java.util.Optional tu.kielce.airnexcontrolsystem.repositories.AirlineRepository.findByName_Value(java.lang.String); Attribute 'tu.kielce.airnexcontrolsystem.entities.Airline#name(BASIC)' is not joinable
	at org.springframework.beans.factory.support.AbstractAutowireCapableBeanFactory.initializeBean(AbstractAutowireCapableBeanFactory.java:1773) ~[spring-beans-6.1.2.jar:6.1.2]
	at org.springframework.beans.factory.support.AbstractAutowireCapableBeanFactory.doCreateBean(AbstractAutowireCapableBeanFactory.java:599) ~[spring-beans-6.1.2.jar:6.1.2]
	at org.springframework.beans.factory.support.AbstractAutowireCapableBeanFactory.createBean(AbstractAutowireCapableBeanFactory.java:521) ~[spring-beans-6.1.2.jar:6.1.2]
	at org.springframework.beans.factory.support.AbstractBeanFactory.lambda$doGetBean$0(AbstractBeanFactory.java:325) ~[spring-beans-6.1.2.jar:6.1.2]
	at org.springframework.beans.factory.support.DefaultSingletonBeanRegistry.getSingleton(DefaultSingletonBeanRegistry.java:234) ~[spring-beans-6.1.2.jar:6.1.2]
	at org.springframework.beans.factory.support.AbstractBeanFactory.doGetBean(AbstractBeanFactory.java:323) ~[spring-beans-6.1.2.jar:6.1.2]
	at org.springframework.beans.factory.support.AbstractBeanFactory.getBean(AbstractBeanFactory.java:199) ~[spring-beans-6.1.2.jar:6.1.2]
	at org.springframework.beans.factory.config.DependencyDescriptor.resolveCandidate(DependencyDescriptor.java:254) ~[spring-beans-6.1.2.jar:6.1.2]
	at org.springframework.beans.factory.support.DefaultListableBeanFactory.doResolveDependency(DefaultListableBeanFactory.java:1443) ~[spring-beans-6.1.2.jar:6.1.2]
	at org.springframework.beans.factory.support.DefaultListableBeanFactory.resolveDependency(DefaultListableBeanFactory.java:1353) ~[spring-beans-6.1.2.jar:6.1.2]
	at org.springframework.beans.factory.support.ConstructorResolver.resolveAutowiredArgument(ConstructorResolver.java:911) ~[spring-beans-6.1.2.jar:6.1.2]
	at org.springframework.beans.factory.support.ConstructorResolver.createArgumentArray(ConstructorResolver.java:789) ~[spring-beans-6.1.2.jar:6.1.2]
	... 33 common frames omitted
Caused by: org.springframework.data.repository.query.QueryCreationException: Could not create query for public abstract java.util.Optional tu.kielce.airnexcontrolsystem.repositories.AirlineRepository.findByName_Value(java.lang.String); Reason: Failed to create query for method public abstract java.util.Optional tu.kielce.airnexcontrolsystem.repositories.AirlineRepository.findByName_Value(java.lang.String); Attribute 'tu.kielce.airnexcontrolsystem.entities.Airline#name(BASIC)' is not joinable
	at org.springframework.data.repository.query.QueryCreationException.create(QueryCreationException.java:101) ~[spring-data-commons-3.2.1.jar:3.2.1]
	at org.springframework.data.repository.core.support.QueryExecutorMethodInterceptor.lookupQuery(QueryExecutorMethodInterceptor.java:115) ~[spring-data-commons-3.2.1.jar:3.2.1]
	at org.springframework.data.repository.core.support.QueryExecutorMethodInterceptor.mapMethodsToQuery(QueryExecutorMethodInterceptor.java:99) ~[spring-data-commons-3.2.1.jar:3.2.1]
	at org.springframework.data.repository.core.support.QueryExecutorMethodInterceptor.lambda$new$0(QueryExecutorMethodInterceptor.java:88) ~[spring-data-commons-3.2.1.jar:3.2.1]
	at java.base/java.util.Optional.map(Optional.java:260) ~[na:na]
	at org.springframework.data.repository.core.support.QueryExecutorMethodInterceptor.<init>(QueryExecutorMethodInterceptor.java:88) ~[spring-data-commons-3.2.1.jar:3.2.1]
	at org.springframework.data.repository.core.support.RepositoryFactorySupport.getRepository(RepositoryFactorySupport.java:357) ~[spring-data-commons-3.2.1.jar:3.2.1]
	at org.springframework.data.repository.core.support.RepositoryFactoryBeanSupport.lambda$afterPropertiesSet$5(RepositoryFactoryBeanSupport.java:279) ~[spring-data-commons-3.2.1.jar:3.2.1]
	at org.springframework.data.util.Lazy.getNullable(Lazy.java:135) ~[spring-data-commons-3.2.1.jar:3.2.1]
	at org.springframework.data.util.Lazy.get(Lazy.java:113) ~[spring-data-commons-3.2.1.jar:3.2.1]
	at org.springframework.data.repository.core.support.RepositoryFactoryBeanSupport.afterPropertiesSet(RepositoryFactoryBeanSupport.java:285) ~[spring-data-commons-3.2.1.jar:3.2.1]
	at org.springframework.data.jpa.repository.support.JpaRepositoryFactoryBean.afterPropertiesSet(JpaRepositoryFactoryBean.java:132) ~[spring-data-jpa-3.2.1.jar:3.2.1]
	at org.springframework.beans.factory.support.AbstractAutowireCapableBeanFactory.invokeInitMethods(AbstractAutowireCapableBeanFactory.java:1820) ~[spring-beans-6.1.2.jar:6.1.2]
	at org.springframework.beans.factory.support.AbstractAutowireCapableBeanFactory.initializeBean(AbstractAutowireCapableBeanFactory.java:1769) ~[spring-beans-6.1.2.jar:6.1.2]
	... 44 common frames omitted
Caused by: java.lang.IllegalArgumentException: Failed to create query for method public abstract java.util.Optional tu.kielce.airnexcontrolsystem.repositories.AirlineRepository.findByName_Value(java.lang.String); Attribute 'tu.kielce.airnexcontrolsystem.entities.Airline#name(BASIC)' is not joinable
	at org.springframework.data.jpa.repository.query.PartTreeJpaQuery.<init>(PartTreeJpaQuery.java:107) ~[spring-data-jpa-3.2.1.jar:3.2.1]
	at org.springframework.data.jpa.repository.query.JpaQueryLookupStrategy$CreateQueryLookupStrategy.resolveQuery(JpaQueryLookupStrategy.java:124) ~[spring-data-jpa-3.2.1.jar:3.2.1]
	at org.springframework.data.jpa.repository.query.JpaQueryLookupStrategy$CreateIfNotFoundQueryLookupStrategy.resolveQuery(JpaQueryLookupStrategy.java:258) ~[spring-data-jpa-3.2.1.jar:3.2.1]
	at org.springframework.data.jpa.repository.query.JpaQueryLookupStrategy$AbstractQueryLookupStrategy.resolveQuery(JpaQueryLookupStrategy.java:95) ~[spring-data-jpa-3.2.1.jar:3.2.1]
	at org.springframework.data.repository.core.support.QueryExecutorMethodInterceptor.lookupQuery(QueryExecutorMethodInterceptor.java:111) ~[spring-data-commons-3.2.1.jar:3.2.1]
	... 56 common frames omitted
Caused by: org.hibernate.query.SemanticException: Attribute 'tu.kielce.airnexcontrolsystem.entities.Airline#name(BASIC)' is not joinable
	at org.hibernate.query.sqm.tree.domain.AbstractSqmFrom.buildSingularJoin(AbstractSqmFrom.java:762) ~[hibernate-core-6.4.1.Final.jar:6.4.1.Final]
	at org.hibernate.query.sqm.tree.domain.AbstractSqmFrom.buildJoin(AbstractSqmFrom.java:697) ~[hibernate-core-6.4.1.Final.jar:6.4.1.Final]
	at org.hibernate.query.sqm.tree.domain.AbstractSqmFrom.join(AbstractSqmFrom.java:410) ~[hibernate-core-6.4.1.Final.jar:6.4.1.Final]
	at org.hibernate.query.sqm.tree.domain.AbstractSqmFrom.join(AbstractSqmFrom.java:69) ~[hibernate-core-6.4.1.Final.jar:6.4.1.Final]
	at org.springframework.data.jpa.repository.query.QueryUtils.getOrCreateJoin(QueryUtils.java:908) ~[spring-data-jpa-3.2.1.jar:3.2.1]
	at org.springframework.data.jpa.repository.query.QueryUtils.toExpressionRecursively(QueryUtils.java:786) ~[spring-data-jpa-3.2.1.jar:3.2.1]
	at org.springframework.data.jpa.repository.query.QueryUtils.toExpressionRecursively(QueryUtils.java:756) ~[spring-data-jpa-3.2.1.jar:3.2.1]
	at org.springframework.data.jpa.repository.query.QueryUtils.toExpressionRecursively(QueryUtils.java:752) ~[spring-data-jpa-3.2.1.jar:3.2.1]
	at org.springframework.data.jpa.repository.query.JpaQueryCreator$PredicateBuilder.getTypedPath(JpaQueryCreator.java:387) ~[spring-data-jpa-3.2.1.jar:3.2.1]
	at org.springframework.data.jpa.repository.query.JpaQueryCreator$PredicateBuilder.build(JpaQueryCreator.java:310) ~[spring-data-jpa-3.2.1.jar:3.2.1]
	at org.springframework.data.jpa.repository.query.JpaQueryCreator.toPredicate(JpaQueryCreator.java:210) ~[spring-data-jpa-3.2.1.jar:3.2.1]
	at org.springframework.data.jpa.repository.query.JpaQueryCreator.create(JpaQueryCreator.java:121) ~[spring-data-jpa-3.2.1.jar:3.2.1]
	at org.springframework.data.jpa.repository.query.JpaQueryCreator.create(JpaQueryCreator.java:60) ~[spring-data-jpa-3.2.1.jar:3.2.1]
	at org.springframework.data.repository.query.parser.AbstractQueryCreator.createCriteria(AbstractQueryCreator.java:119) ~[spring-data-commons-3.2.1.jar:3.2.1]
	at org.springframework.data.repository.query.parser.AbstractQueryCreator.createQuery(AbstractQueryCreator.java:95) ~[spring-data-commons-3.2.1.jar:3.2.1]
	at org.springframework.data.repository.query.parser.AbstractQueryCreator.createQuery(AbstractQueryCreator.java:81) ~[spring-data-commons-3.2.1.jar:3.2.1]
	at org.springframework.data.jpa.repository.query.PartTreeJpaQuery$QueryPreparer.<init>(PartTreeJpaQuery.java:218) ~[spring-data-jpa-3.2.1.jar:3.2.1]
	at org.springframework.data.jpa.repository.query.PartTreeJpaQuery$CountQueryPreparer.<init>(PartTreeJpaQuery.java:361) ~[spring-data-jpa-3.2.1.jar:3.2.1]
	at org.springframework.data.jpa.repository.query.PartTreeJpaQuery.<init>(PartTreeJpaQuery.java:102) ~[spring-data-jpa-3.2.1.jar:3.2.1]
	... 60 common frames omitted

2024-01-08T14:13:55.327+01:00  INFO 27974 --- [main] t.k.a.AirNexControlSystemApplication     : Starting AirNexControlSystemApplication using Java 17 with PID 27974 (/Users/maciejnet/studia/3semestr/programowanie-obiektowe-2/AirNexControlSystem/target/classes started by maciejnet in /Users/maciejnet/studia/3semestr/programowanie-obiektowe-2/AirNexControlSystem)
2024-01-08T14:13:55.329+01:00 DEBUG 27974 --- [main] t.k.a.AirNexControlSystemApplication     : Running with Spring Boot v3.2.1, Spring v6.1.2
2024-01-08T14:13:55.330+01:00  INFO 27974 --- [main] t.k.a.AirNexControlSystemApplication     : No active profile set, falling back to 1 default profile: "default"
2024-01-08T14:13:56.158+01:00  INFO 27974 --- [main] .s.d.r.c.RepositoryConfigurationDelegate : Multiple Spring Data modules found, entering strict repository configuration mode
2024-01-08T14:13:56.159+01:00  INFO 27974 --- [main] .s.d.r.c.RepositoryConfigurationDelegate : Bootstrapping Spring Data JDBC repositories in DEFAULT mode.
2024-01-08T14:13:56.198+01:00  INFO 27974 --- [main] .RepositoryConfigurationExtensionSupport : Spring Data JDBC - Could not safely identify store assignment for repository candidate interface tu.kielce.airnexcontrolsystem.repositories.AirlineRepository; If you want this repository to be a JDBC repository, consider annotating your entities with one of these annotations: org.springframework.data.relational.core.mapping.Table.
2024-01-08T14:13:56.199+01:00  INFO 27974 --- [main] .RepositoryConfigurationExtensionSupport : Spring Data JDBC - Could not safely identify store assignment for repository candidate interface tu.kielce.airnexcontrolsystem.repositories.PlainRepository; If you want this repository to be a JDBC repository, consider annotating your entities with one of these annotations: org.springframework.data.relational.core.mapping.Table.
2024-01-08T14:13:56.200+01:00  INFO 27974 --- [main] .s.d.r.c.RepositoryConfigurationDelegate : Finished Spring Data repository scanning in 37 ms. Found 0 JDBC repository interfaces.
2024-01-08T14:13:56.213+01:00  INFO 27974 --- [main] .s.d.r.c.RepositoryConfigurationDelegate : Multiple Spring Data modules found, entering strict repository configuration mode
2024-01-08T14:13:56.214+01:00  INFO 27974 --- [main] .s.d.r.c.RepositoryConfigurationDelegate : Bootstrapping Spring Data JPA repositories in DEFAULT mode.
2024-01-08T14:13:56.250+01:00  INFO 27974 --- [main] .s.d.r.c.RepositoryConfigurationDelegate : Finished Spring Data repository scanning in 34 ms. Found 2 JPA repository interfaces.
2024-01-08T14:13:56.755+01:00  INFO 27974 --- [main] o.s.b.w.embedded.tomcat.TomcatWebServer  : Tomcat initialized with port 8080 (http)
2024-01-08T14:13:56.765+01:00  INFO 27974 --- [main] o.apache.catalina.core.StandardService   : Starting service [Tomcat]
2024-01-08T14:13:56.766+01:00  INFO 27974 --- [main] o.apache.catalina.core.StandardEngine    : Starting Servlet engine: [Apache Tomcat/10.1.17]
2024-01-08T14:13:56.811+01:00  INFO 27974 --- [main] o.a.c.c.C.[Tomcat].[localhost].[/]       : Initializing Spring embedded WebApplicationContext
2024-01-08T14:13:56.812+01:00  INFO 27974 --- [main] w.s.c.ServletWebServerApplicationContext : Root WebApplicationContext: initialization completed in 1443 ms
2024-01-08T14:13:56.944+01:00  INFO 27974 --- [main] o.hibernate.jpa.internal.util.LogHelper  : HHH000204: Processing PersistenceUnitInfo [name: default]
2024-01-08T14:13:56.982+01:00  INFO 27974 --- [main] org.hibernate.Version                    : HHH000412: Hibernate ORM core version 6.4.1.Final
2024-01-08T14:13:57.016+01:00  INFO 27974 --- [main] o.h.c.internal.RegionFactoryInitiator    : HHH000026: Second-level cache disabled
2024-01-08T14:13:57.162+01:00  INFO 27974 --- [main] o.s.o.j.p.SpringPersistenceUnitInfo      : No LoadTimeWeaver setup: ignoring JPA class transformer
2024-01-08T14:13:57.183+01:00  INFO 27974 --- [main] com.zaxxer.hikari.HikariDataSource       : HikariPool-1 - Starting...
2024-01-08T14:13:57.338+01:00  INFO 27974 --- [main] com.zaxxer.hikari.pool.HikariPool        : HikariPool-1 - Added connection org.postgresql.jdbc.PgConnection@44dd0d38
2024-01-08T14:13:57.342+01:00  INFO 27974 --- [main] com.zaxxer.hikari.HikariDataSource       : HikariPool-1 - Start completed.
2024-01-08T14:13:57.373+01:00  WARN 27974 --- [main] org.hibernate.orm.deprecation            : HHH90000025: PostgreSQLDialect does not need to be specified explicitly using 'hibernate.dialect' (remove the property setting and it will be selected by default)
2024-01-08T14:13:58.126+01:00  INFO 27974 --- [main] o.h.e.t.j.p.i.JtaPlatformInitiator       : HHH000489: No JTA platform available (set 'hibernate.transaction.jta.platform' to enable JTA platform integration)
2024-01-08T14:13:58.258+01:00  INFO 27974 --- [main] j.LocalContainerEntityManagerFactoryBean : Initialized JPA EntityManagerFactory for persistence unit 'default'
2024-01-08T14:13:58.573+01:00  WARN 27974 --- [main] JpaBaseConfiguration$JpaWebConfiguration : spring.jpa.open-in-view is enabled by default. Therefore, database queries may be performed during view rendering. Explicitly configure spring.jpa.open-in-view to disable this warning
2024-01-08T14:13:58.793+01:00  WARN 27974 --- [main] ion$DefaultTemplateResolverConfiguration : Cannot find template location: classpath:/templates/ (please add some templates, check your Thymeleaf configuration, or set spring.thymeleaf.check-template-location=false)
2024-01-08T14:13:58.976+01:00  INFO 27974 --- [main] o.s.b.w.embedded.tomcat.TomcatWebServer  : Tomcat started on port 8080 (http) with context path ''
2024-01-08T14:13:58.990+01:00  INFO 27974 --- [main] t.k.a.AirNexControlSystemApplication     : Started AirNexControlSystemApplication in 4.22 seconds (process running for 4.838)
2024-01-08T14:15:26.260+01:00  INFO 27974 --- [http-nio-8080-exec-1] o.a.c.c.C.[Tomcat].[localhost].[/]       : Initializing Spring DispatcherServlet 'dispatcherServlet'
2024-01-08T14:15:26.263+01:00  INFO 27974 --- [http-nio-8080-exec-1] o.s.web.servlet.DispatcherServlet        : Initializing Servlet 'dispatcherServlet'
2024-01-08T14:15:26.271+01:00  INFO 27974 --- [http-nio-8080-exec-1] o.s.web.servlet.DispatcherServlet        : Completed initialization in 7 ms
2024-01-08T14:15:31.844+01:00  INFO 27974 --- [http-nio-8080-exec-2] t.k.a.s.i.PlainServiceImpl               : Getting all plains
2024-01-08T14:15:43.750+01:00  INFO 27974 --- [http-nio-8080-exec-4] t.k.a.s.i.PlainServiceImpl               : Adding plain
2024-01-08T14:15:43.793+01:00 ERROR 27974 --- [http-nio-8080-exec-4] t.k.a.exceptions.GlobalExceptionHandler  : Airline with name test does not exists
2024-01-08T14:15:53.939+01:00  INFO 27974 --- [SpringApplicationShutdownHook] j.LocalContainerEntityManagerFactoryBean : Closing JPA EntityManagerFactory for persistence unit 'default'
2024-01-08T14:15:53.942+01:00  INFO 27974 --- [SpringApplicationShutdownHook] com.zaxxer.hikari.HikariDataSource       : HikariPool-1 - Shutdown initiated...
2024-01-08T14:15:53.944+01:00  INFO 27974 --- [SpringApplicationShutdownHook] com.zaxxer.hikari.HikariDataSource       : HikariPool-1 - Shutdown completed.
